  Building GameAssembly.dll with MsvcWinRtToolChain
  	Msvc Install Version: 15.0
  	Msvc Install SDK Directory: C:\Program Files (x86)\Windows Kits\10
  	Msvc Linker Path: C:\Program Files (x86)\Microsoft Visual Studio\2019\Professional\VC\Tools\MSVC\14.24.28314\bin\HostX64\x86\link.exe
  	Msvc Compiler Path: C:\Program Files (x86)\Microsoft Visual Studio\2019\Professional\VC\Tools\MSVC\14.24.28314\bin\HostX64\x86\cl.exe
  
  	Output directory: C:\Users\jodys\Vandy\Courses\CS8395 - Augmented Reality\Projects\Assign1\VSProject\build\bin\Win32\Master
  	Cache directory: C:\Users\jodys\Vandy\Courses\CS8395 - Augmented Reality\Projects\Assign1\VSProject\build\obj\il2cppOutputProject\Win32\Master
  Unity.TextMeshPro_Debugger.c
  UnityEngine.UI_Debugger.c
  Il2CppGenericMethodPointerTable.cpp
  Il2CppMetadataUsage.c
  Il2CppTypeDefinitions.c
  Unity.TextMeshPro1.cpp
  Il2CppCompilerCalculateTypeValues1.cpp
  mscorlib_CodeGen.c
  Il2CppInvokerTable.cpp
  Vuforia.UnityExtensions2.cpp
  Il2CppCompilerCalculateTypeValues.cpp
  Il2CppAttributes.cpp
  UnityEngine.UI2.cpp
  mscorlib_Debugger.c
  mscorlib3.cpp
  Il2CppGenericMethodDefinitions.c
  GenericMethods1.cpp
  Unity.TextMeshPro2.cpp
  mscorlib12.cpp
  Unity.TextMeshPro.cpp
  mscorlib4.cpp
  Vuforia.UnityExtensions1.cpp
  Il2CppGenericMethodTable.c
  Generics1.cpp
  Assembly-CSharp.cpp
  mscorlib7.cpp
  Vuforia.UnityExtensions.cpp
  Unity.TextMeshPro3.cpp
  GenericMethods5.cpp
  UnityEngine.UI3.cpp
  UnityEngine.UI1.cpp
  mscorlib16.cpp
  mscorlib11.cpp
  mscorlib2.cpp
  GenericMethods4.cpp
  mscorlib6.cpp
  mscorlib10.cpp
  mscorlib9.cpp
  mscorlib.cpp
  Unity.TextMeshPro4.cpp
  UnityEngine.CoreModule_Debugger.c
  mscorlib1.cpp
  mscorlib15.cpp
  GenericMethods6.cpp
  Generics.cpp
  Generics4.cpp
  mscorlib8.cpp
  Il2CppGenericClassTable.c
  System.cpp
  GenericMethods3.cpp
  mscorlib13.cpp
  Generics5.cpp
  Generics2.cpp
  Generics19.cpp
  Unity.TextMeshPro5.cpp
  Generics10.cpp
  UnityEngine.UI4.cpp
  UnityEngine.UI.cpp
  UnityEngine.CoreModule2.cpp
  UnityEngine.CoreModule1.cpp
  mscorlib14.cpp
  Generics18.cpp
  Generics6.cpp
  mscorlib5.cpp
  UnityEngine.CoreModule.cpp
  Generics17.cpp
  Generics7.cpp
  System1.cpp
  Generics13.cpp
  UnityEngine.CoreModule3.cpp
  Generics20.cpp
  Generics9.cpp
  Generics8.cpp
  Generics11.cpp
  Generics14.cpp
  UnityEngine.IMGUIModule.cpp
  Generics15.cpp
  mscorlib17.cpp
  Il2CppGenericInstDefinitions.c
  Generics12.cpp
  Generics3.cpp
  Vuforia.UnityExtensions_CodeGen.c
  GenericMethods.cpp
  Generics16.cpp
  Assembly-CSharp1.cpp
  I18N.Rare.cpp
  UnityEngine.VRModule.cpp
  UnityEngine.AndroidJNIModule.cpp
  Vuforia.UnityExtensions3.cpp
  Vuforia.UnityExtensions_Debugger.c
  UnityEngine.XRModule.cpp
  GenericMethods2.cpp
  UnresolvedVirtualCallStubs.cpp
  Assembly-CSharp_Debugger.c
  UnityEngine.CoreModule_CodeGen.c
  UnityEngine.UI_CodeGen.c
  UnityEngine.IMGUIModule_Debugger.c
  I18N.CJK.cpp
  Il2CppCompilerCalculateTypeValuesTable.cpp
  Unity.TextMeshPro_CodeGen.c
  UnityEngine.TextCoreModule.cpp
  I18N.West.cpp
  I18N.Rare1.cpp
  VuforiaScripts.cpp
  char-conversions.cpp
  UnityEngine.AndroidJNIModule_Debugger.c
  UnityEngine.AnimationModule.cpp
  UnityEngine.TerrainModule.cpp
  UnityEngine.UI5.cpp
  I18N.Other.cpp
  UnityEngine.SharedInternalsModule.cpp
  System2.cpp
  UnityEngine.PhysicsModule.cpp
  UnityEngine.UIModule.cpp
  UnityEngine.TextRenderingModule.cpp
  System_CodeGen.c
  UnityEngine.Physics2DModule.cpp
  I18N.MidEast.cpp
  I18N.cpp
  System_Debugger.c
  Il2CppInteropDataTable.cpp
  UnityEngine.VRModule_Debugger.c
  UnityEngine.TextCoreModule_Debugger.c
  UnityEngine.XRModule_Debugger.c
  Unity.TextMeshPro6.cpp
  UnityEngine.InputLegacyModule.cpp
  UnityEngine.AudioModule.cpp
  UnityEngine.TerrainModule_Debugger.c
  Mono.Security.cpp
  deflate.c
  UnityEngine.TilemapModule.cpp
  UnityEngine.UIElementsModule.cpp
  Assembly-CSharp_CodeGen.c
  System.Xml.cpp
  UnityEngine.ParticleSystemModule.cpp
  VuforiaScripts_Debugger.c
  UnityEngine.PhysicsModule_Debugger.c
  UnityEngine.VideoModule.cpp
  UnityEngine.AnimationModule_Debugger.c
  UnityEngine.UnityWebRequestModule.cpp
  UnityEngine.SharedInternalsModule_Debugger.c
  I18N.Rare_CodeGen.c
  UnityEngine.IMGUIModule_CodeGen.c
  UnityEngine.UnityAnalyticsModule.cpp
  UnityEngine.VRModule_CodeGen.c
  UnityEngine.AndroidJNIModule_CodeGen.c
  UnityEngine.VFXModule.cpp
  UnityEngine.TextRenderingModule_Debugger.c
  UnityEngine.UIModule_Debugger.c
  I18N.CJK_CodeGen.c
  UnityEngine.InputLegacyModule_Debugger.c
  I18N.Rare_Debugger.c
  UnityEngine.InputModule.cpp
  UnityEngine.Physics2DModule_Debugger.c
  System.Configuration.cpp
  UnityEngine.XRModule_CodeGen.c
  System.Core_Debugger.c
  System.Core_CodeGen.c
  I18N.CJK_Debugger.c
  trees.c
  UnityEngine.AudioModule_Debugger.c
  UnityEngine.TextCoreModule_CodeGen.c
  inflate.c
  xamarin_getifaddrs.c
  UnityEngine.TilemapModule_Debugger.c
  I18N_Debugger.c
  UnityEngine.UIModule_CodeGen.c
  I18N_CodeGen.c
  Generics21.cpp
  I18N.West_CodeGen.c
  UnityEngine.AnimationModule_CodeGen.c
  I18N.West_Debugger.c
  I18N.Other_CodeGen.c
  UnityEngine.AssetBundleModule.cpp
  infback.c
  UnityEngine.DirectorModule.cpp
  gzread.c
  UnityEngine.AIModule.cpp
  UnityEngine.ParticleSystemModule_Debugger.c
  I18N.Other_Debugger.c
  UnityEngine.PhysicsModule_CodeGen.c
  System.Core.cpp
  UnityEngine.VideoModule_Debugger.c
  gzwrite.c
  UnityEngine.SharedInternalsModule_CodeGen.c
  UnityEngine.UIElementsModule_Debugger.c
  UnityEngine.VFXModule_Debugger.c
  UnityEngine.AudioModule_CodeGen.c
  gzlib.c
  UnityEngine.Physics2DModule_CodeGen.c
  UnityEngine.TextRenderingModule_CodeGen.c
  UnityEngine.TerrainModule_CodeGen.c
  UnityEngine.UnityAnalyticsModule_Debugger.c
  il2cpp-api.cpp
  crc32.c
  inftrees.c
  inffast.c
  UnityEngine.InputLegacyModule_CodeGen.c
  I18N.MidEast_CodeGen.c
  I18N.MidEast_Debugger.c
  UnityEngine.UnityWebRequestModule_Debugger.c
  VuforiaScripts_CodeGen.c
  UnityEngine.InputModule_Debugger.c
  UnityEngine.TilemapModule_CodeGen.c
  UnityEngine.VideoModule_CodeGen.c
  System.Xml_Debugger.c
  System.Configuration_Debugger.c
  zutil.c
  System.Configuration_CodeGen.c
  System.Xml_CodeGen.c
  UnityEngine.UIElementsModule_CodeGen.c
  Mono.Security_Debugger.c
  UnityEngine.DirectorModule_Debugger.c
  UnityEngine.ParticleSystemModule_CodeGen.c
  UnityEngine.UnityAnalyticsModule_CodeGen.c
  Il2CppCodeRegistration.cpp
  UnityEngine.GridModule.cpp
  UnityEngine.VFXModule_CodeGen.c
  UnityEngine.AIModule_Debugger.c
  adler32.c
  Mono.Security_CodeGen.c
  UnityEngine.InputModule_CodeGen.c
  UnityEngine.GridModule_Debugger.c
  uncompr.c
  UnityEngine.AssetBundleModule_Debugger.c
  UnityEngine_Debugger.c
  compress.c
  UnityEngine.UnityWebRequestModule_CodeGen.c
  UnityAdsStubs.cpp
  Il2CppReversePInvokeWrapperTable.cpp
  UnityEngine.AIModule_CodeGen.c
  krait_signal_handler.c
  UnityEngine.DirectorModule_CodeGen.c
  Il2CppMetadataRegistration.c
  UnityEngine.GridModule_CodeGen.c
  il2cpp-benchmark-support.cpp
  gzclose.c
  UnityEngine.cpp
  UnityEngine.AssetBundleModule_CodeGen.c
  UnityEngine_CodeGen.c
  Lump_libil2cpp_mono-runtime.cpp
  Lump_libil2cpp_metadata.cpp
  Lump_libil2cpp_vm-utils.cpp
  Lump_libil2cpp_gc.cpp
  Lump_libil2cpp_utils.cpp
  Il2CppGenericComDefinitions.cpp
  Lump_libil2cpp_debugger.cpp
  Lump_libil2cpp_icalls.cpp
C:\Users\jodys\Vandy\Courses\CS8395 - Augmented Reality\Projects\Assign1\VSProject\Il2CppOutputProject\IL2CPP\libil2cpp\icalls\mscorlib\System\Type.cpp(285): warning C4834: discarding return value of function with 'nodiscard' attribute
  Lump_libil2cpp_codegen.cpp
  il2cpp-runtime-stats.cpp
  Lump_libil2cpp_mono.cpp
  gc.c
  Lump_libil2cpp_vm.cpp
  Lump_libil2cpp_os.cpp
  ObjectFiles: 254 of which compiled: 254
  	Time Compile: 11748 milliseconds Unity.TextMeshPro4.cpp
  	Time Compile: 11678 milliseconds Unity.TextMeshPro5.cpp
  	Time Compile: 8292 milliseconds Unity.TextMeshPro3.cpp
  	Time Compile: 6849 milliseconds Lump_libil2cpp_os.cpp
  	Time Compile: 6396 milliseconds mscorlib5.cpp
  	Time Compile: 5768 milliseconds System.cpp
  	Time Compile: 5204 milliseconds Lump_libil2cpp_vm.cpp
  	Time Compile: 4757 milliseconds Generics15.cpp
  	Time Compile: 4171 milliseconds Il2CppAttributes.cpp
  	Time Compile: 4132 milliseconds Il2CppCompilerCalculateTypeValues.cpp
  Total compilation time: 33114 milliseconds.
  Creating library C:\Users\jodys\Vandy\Courses\CS8395 - Augmented Reality\Projects\Assign1\VSProject\build\obj\il2cppOutputProject\Win32\Master\linkresult_4923FD4D30EEBA2B1B9215F75A4058F7\GameAssembly.lib and object C:\Users\jodys\Vandy\Courses\CS8395 - Augmented Reality\Projects\Assign1\VSProject\build\obj\il2cppOutputProject\Win32\Master\linkresult_4923FD4D30EEBA2B1B9215F75A4058F7\GameAssembly.exp
  Total link time: 1594 milliseconds.
  Cleaned up 2 object files.
